  pch.cpp
  Wave1.cpp
C:\Users\XavierGG\Desktop\Hydraulic-Cylinder-Controller\Wave1\Wave1Dlg.h(66,26): warning C4244: “初始化”: 从“double”转换到“int”，可能丢失数据
  Wave1Dlg.cpp
C:\Users\XavierGG\Desktop\Hydraulic-Cylinder-Controller\Wave1\Wave1Dlg.h(66,26): warning C4244: “初始化”: 从“double”转换到“int”，可能丢失数据
C:\Users\XavierGG\Desktop\Hydraulic-Cylinder-Controller\Wave1\Wave1Dlg.cpp(341,19): warning C4244: “初始化”: 从“LONG”转换到“float”，可能丢失数据
C:\Users\XavierGG\Desktop\Hydraulic-Cylinder-Controller\Wave1\Wave1Dlg.cpp(342,19): warning C4244: “初始化”: 从“LONG”转换到“float”，可能丢失数据
C:\Users\XavierGG\Desktop\Hydraulic-Cylinder-Controller\Wave1\Wave1Dlg.cpp(347,54): warning C4244: “=”: 从“double”转换到“int”，可能丢失数据
C:\Users\XavierGG\Desktop\Hydraulic-Cylinder-Controller\Wave1\Wave1Dlg.cpp(354,89): warning C4244: “参数”: 从“float”转换到“int”，可能丢失数据
C:\Users\XavierGG\Desktop\Hydraulic-Cylinder-Controller\Wave1\Wave1Dlg.cpp(354,73): warning C4244: “参数”: 从“float”转换到“int”，可能丢失数据
C:\Users\XavierGG\Desktop\Hydraulic-Cylinder-Controller\Wave1\Wave1Dlg.cpp(355,23): warning C4244: “参数”: 从“float”转换到“int”，可能丢失数据
C:\Users\XavierGG\Desktop\Hydraulic-Cylinder-Controller\Wave1\Wave1Dlg.cpp(360,89): warning C4244: “参数”: 从“float”转换到“int”，可能丢失数据
C:\Users\XavierGG\Desktop\Hydraulic-Cylinder-Controller\Wave1\Wave1Dlg.cpp(360,73): warning C4244: “参数”: 从“float”转换到“int”，可能丢失数据
C:\Users\XavierGG\Desktop\Hydraulic-Cylinder-Controller\Wave1\Wave1Dlg.cpp(361,23): warning C4244: “参数”: 从“float”转换到“int”，可能丢失数据
C:\Users\XavierGG\Desktop\Hydraulic-Cylinder-Controller\Wave1\Wave1Dlg.cpp(363,77): warning C4244: “参数”: 从“float”转换到“int”，可能丢失数据
C:\Users\XavierGG\Desktop\Hydraulic-Cylinder-Controller\Wave1\Wave1Dlg.cpp(377,54): warning C4244: “=”: 从“double”转换到“int”，可能丢失数据
C:\Users\XavierGG\Desktop\Hydraulic-Cylinder-Controller\Wave1\Wave1Dlg.cpp(383,89): warning C4244: “参数”: 从“float”转换到“int”，可能丢失数据
C:\Users\XavierGG\Desktop\Hydraulic-Cylinder-Controller\Wave1\Wave1Dlg.cpp(383,73): warning C4244: “参数”: 从“float”转换到“int”，可能丢失数据
C:\Users\XavierGG\Desktop\Hydraulic-Cylinder-Controller\Wave1\Wave1Dlg.cpp(384,23): warning C4244: “参数”: 从“float”转换到“int”，可能丢失数据
C:\Users\XavierGG\Desktop\Hydraulic-Cylinder-Controller\Wave1\Wave1Dlg.cpp(388,89): warning C4244: “参数”: 从“float”转换到“int”，可能丢失数据
C:\Users\XavierGG\Desktop\Hydraulic-Cylinder-Controller\Wave1\Wave1Dlg.cpp(388,73): warning C4244: “参数”: 从“float”转换到“int”，可能丢失数据
C:\Users\XavierGG\Desktop\Hydraulic-Cylinder-Controller\Wave1\Wave1Dlg.cpp(389,23): warning C4244: “参数”: 从“float”转换到“int”，可能丢失数据
C:\Users\XavierGG\Desktop\Hydraulic-Cylinder-Controller\Wave1\Wave1Dlg.cpp(391,77): warning C4244: “参数”: 从“float”转换到“int”，可能丢失数据
C:\Users\XavierGG\Desktop\Hydraulic-Cylinder-Controller\Wave1\Wave1Dlg.cpp(445,54): warning C4244: “=”: 从“double”转换到“int”，可能丢失数据
C:\Users\XavierGG\Desktop\Hydraulic-Cylinder-Controller\Wave1\Wave1Dlg.cpp(447,20): warning C4244: “初始化”: 从“LONG”转换到“float”，可能丢失数据
C:\Users\XavierGG\Desktop\Hydraulic-Cylinder-Controller\Wave1\Wave1Dlg.cpp(448,20): warning C4244: “初始化”: 从“LONG”转换到“float”，可能丢失数据
C:\Users\XavierGG\Desktop\Hydraulic-Cylinder-Controller\Wave1\Wave1Dlg.cpp(451,89): warning C4244: “参数”: 从“float”转换到“int”，可能丢失数据
C:\Users\XavierGG\Desktop\Hydraulic-Cylinder-Controller\Wave1\Wave1Dlg.cpp(451,73): warning C4244: “参数”: 从“float”转换到“int”，可能丢失数据
C:\Users\XavierGG\Desktop\Hydraulic-Cylinder-Controller\Wave1\Wave1Dlg.cpp(452,23): warning C4244: “参数”: 从“float”转换到“int”，可能丢失数据
C:\Users\XavierGG\Desktop\Hydraulic-Cylinder-Controller\Wave1\Wave1Dlg.cpp(456,89): warning C4244: “参数”: 从“float”转换到“int”，可能丢失数据
C:\Users\XavierGG\Desktop\Hydraulic-Cylinder-Controller\Wave1\Wave1Dlg.cpp(456,73): warning C4244: “参数”: 从“float”转换到“int”，可能丢失数据
C:\Users\XavierGG\Desktop\Hydraulic-Cylinder-Controller\Wave1\Wave1Dlg.cpp(457,23): warning C4244: “参数”: 从“float”转换到“int”，可能丢失数据
C:\Users\XavierGG\Desktop\Hydraulic-Cylinder-Controller\Wave1\Wave1Dlg.cpp(459,77): warning C4244: “参数”: 从“float”转换到“int”，可能丢失数据
C:\Users\XavierGG\Desktop\Hydraulic-Cylinder-Controller\Wave1\Wave1Dlg.cpp(488,11): warning C4244: “=”: 从“double”转换到“float”，可能丢失数据
C:\Users\XavierGG\Desktop\Hydraulic-Cylinder-Controller\Wave1\Wave1Dlg.cpp(489,17): warning C4244: “=”: 从“double”转换到“float”，可能丢失数据
C:\Users\XavierGG\Desktop\Hydraulic-Cylinder-Controller\Wave1\Wave1Dlg.cpp(598,70): warning C4244: “参数”: 从“double”转换到“long”，可能丢失数据
C:\Users\XavierGG\Desktop\Hydraulic-Cylinder-Controller\Wave1\Wave1Dlg.cpp(599,75): warning C4244: “参数”: 从“double”转换到“long”，可能丢失数据
C:\Users\XavierGG\Desktop\Hydraulic-Cylinder-Controller\Wave1\Wave1Dlg.cpp(736,71): warning C4244: “参数”: 从“double”转换到“long”，可能丢失数据
C:\Users\XavierGG\Desktop\Hydraulic-Cylinder-Controller\Wave1\Wave1Dlg.cpp(737,76): warning C4244: “参数”: 从“double”转换到“long”，可能丢失数据
C:\Users\XavierGG\Desktop\Hydraulic-Cylinder-Controller\Wave1\Wave1Dlg.cpp(807,71): warning C4244: “参数”: 从“double”转换到“long”，可能丢失数据
C:\Users\XavierGG\Desktop\Hydraulic-Cylinder-Controller\Wave1\Wave1Dlg.cpp(808,76): warning C4244: “参数”: 从“double”转换到“long”，可能丢失数据
C:\Users\XavierGG\Desktop\Hydraulic-Cylinder-Controller\Wave1\Wave1Dlg.cpp(852,45): warning C4244: “参数”: 从“double”转换到“long”，可能丢失数据
C:\Users\XavierGG\Desktop\Hydraulic-Cylinder-Controller\Wave1\Wave1Dlg.cpp(853,50): warning C4244: “参数”: 从“double”转换到“long”，可能丢失数据
C:\Users\XavierGG\Desktop\Hydraulic-Cylinder-Controller\Wave1\Wave1Dlg.cpp(1017,6): warning C4101: “nSel”: 未引用的局部变量
  正在生成代码...
Wave1Dlg.obj : error LNK2019: 无法解析的外部符号 __imp_ZT7660_OpenDevice，函数 "public: void __cdecl CWave1Dlg::OnBnClickedStart(void)" (?OnBnClickedStart@CWave1Dlg@@QEAAXXZ) 中引用了该符号
Wave1Dlg.obj : error LNK2019: 无法解析的外部符号 __imp_ZT7660_CloseDevice，函数 "public: void __cdecl CWave1Dlg::OnBnClickedEnd(void)" (?OnBnClickedEnd@CWave1Dlg@@QEAAXXZ) 中引用了该符号
Wave1Dlg.obj : error LNK2019: 无法解析的外部符号 __imp_ZT7660_GetLastErr，函数 "public: void __cdecl CWave1Dlg::OnTimer(unsigned __int64)" (?OnTimer@CWave1Dlg@@QEAAX_K@Z) 中引用了该符号
Wave1Dlg.obj : error LNK2019: 无法解析的外部符号 __imp_ZT7660_AIonce，函数 "public: void __cdecl CWave1Dlg::OnTimer(unsigned __int64)" (?OnTimer@CWave1Dlg@@QEAAX_K@Z) 中引用了该符号
Wave1Dlg.obj : error LNK2019: 无法解析的外部符号 __imp_ZT7660_AOonce，函数 "public: void __cdecl CWave1Dlg::OnTimer(unsigned __int64)" (?OnTimer@CWave1Dlg@@QEAAX_K@Z) 中引用了该符号
USB7660.lib : warning LNK4272: 库计算机类型“x86”与目标计算机类型“x64”冲突
C:\Users\XavierGG\Desktop\Hydraulic-Cylinder-Controller\Wave1\x64\Debug\Wave1.exe : fatal error LNK1120: 5 个无法解析的外部命令
